Base path: C:/Program Files/Unity/Hub/Editor/2018.4.15f1/Editor/Data
Cmd: initializeCompiler
Cmd: compileComputeKernel
  error: 2 plat 4 at Lut3DBaker.compute(1): failed to open source file: 'Packages/com.unity.postprocessing/PostProcessing/Shaders/StdLib.hlsl'
  api=4 insize=5017 outsize=0 ok=0
Cmd: compileComputeKernel
  error: 2 plat 4 at MultiScaleVODownsample1.compute(28): failed to open source file: 'Packages/com.unity.postprocessing/PostProcessing/Shaders/StdLib.hlsl'
  api=4 insize=3450 outsize=0 ok=0
Cmd: compileComputeKernel
  error: 2 plat 4 at MultiScaleVOUpsample.compute(37): failed to open source file: 'Packages/com.unity.postprocessing/PostProcessing/Shaders/StdLib.hlsl'
  api=4 insize=18353 outsize=0 ok=0
Cmd: compileComputeKernel
  error: 2 plat 4 at MultiScaleVOUpsample.compute(37): failed to open source file: 'Packages/com.unity.postprocessing/PostProcessing/Shaders/StdLib.hlsl'
  api=4 insize=18353 outsize=0 ok=0
Cmd: compileComputeKernel
  error: 2 plat 4 at MultiScaleVOUpsample.compute(37): failed to open source file: 'Packages/com.unity.postprocessing/PostProcessing/Shaders/StdLib.hlsl'
  api=4 insize=18353 outsize=0 ok=0
Cmd: compileComputeKernel
  error: 2 plat 4 at MultiScaleVOUpsample.compute(37): failed to open source file: 'Packages/com.unity.postprocessing/PostProcessing/Shaders/StdLib.hlsl'
  api=4 insize=18353 outsize=0 ok=0
Cmd: compileComputeKernel
  error: 2 plat 4 at MultiScaleVOUpsample.compute(37): failed to open source file: 'Packages/com.unity.postprocessing/PostProcessing/Shaders/StdLib.hlsl'
  api=4 insize=18353 outsize=0 ok=0
Cmd: compileComputeKernel
  error: 2 plat 4 at ExposureHistogram.compute(7): failed to open source file: 'Packages/com.unity.postprocessing/PostProcessing/Shaders/StdLib.hlsl'
  api=4 insize=3246 outsize=0 ok=0
Cmd: compileComputeKernel
  error: 2 plat 4 at Waveform.compute(4): failed to open source file: 'Packages/com.unity.postprocessing/PostProcessing/Shaders/StdLib.hlsl'
  api=4 insize=1914 outsize=0 ok=0
Cmd: compileComputeKernel
  error: 2 plat 4 at Vectorscope.compute(4): failed to open source file: 'Packages/com.unity.postprocessing/PostProcessing/Shaders/StdLib.hlsl'
  api=4 insize=1562 outsize=0 ok=0
Cmd: compileComputeKernel
  error: 2 plat 4 at MultiScaleVODownsample2.compute(28): failed to open source file: 'Packages/com.unity.postprocessing/PostProcessing/Shaders/StdLib.hlsl'
  api=4 insize=2098 outsize=0 ok=0
Cmd: initializeCompiler
Cmd: initializeCompiler
Cmd: initializeCompiler
Cmd: initializeCompiler
Cmd: initializeCompiler
Cmd: initializeCompiler
Cmd: initializeCompiler
Cmd: initializeCompiler
Cmd: initializeCompiler
Cmd: initializeCompiler
Cmd: initializeCompiler
Cmd: initializeCompiler
Cmd: initializeCompiler
Cmd: initializeCompiler
Cmd: initializeCompiler
